2018.10.31 06:30 B F:\Jazz\MyWeb\Reservation\XML\LayoutSalmen.xml --> www.jazzliveaarau.ch /www/Reservation/XML LayoutSalmen.xml
2018.10.31 06:56 B F:\Jazz\MyWeb\Reservation\XML\LayoutSalmen.xml --> www.jazzliveaarau.ch /www/Reservation/XML LayoutSalmen.xml
2018.10.31 07:00 B F:\Jazz\MyWeb\Reservation\XML\LayoutSalmen.xml --> www.jazzliveaarau.ch /www/Reservation/XML LayoutSalmen.xml
2018.10.31 07:07 B F:\Jazz\MyWeb\Reservation\XML\LayoutSalmen.xml --> www.jazzliveaarau.ch /www/Reservation/XML LayoutSalmen.xml
2018.11.01 19:42 B F:\Jazz\MyWeb\Reservation\XML\LayoutSalmen.xml --> www.jazzliveaarau.ch /www/Reservation/XML LayoutSalmen.xml
2018.11.01 19:43 B F:\Jazz\MyWeb\Reservation\XML\LayoutSalmen.xml --> www.jazzliveaarau.ch /www/Reservation/XML LayoutSalmen.xml
2018.11.01 19:55 B F:\Jazz\MyWeb\Reservation\XML\LayoutSalmen.xml --> www.jazzliveaarau.ch /www/Reservation/XML LayoutSalmen.xml
2018.11.01 20:03 B F:\Jazz\MyWeb\Reservation\XML\LayoutSalmen.xml --> www.jazzliveaarau.ch /www/Reservation/XML LayoutSalmen.xml
2018.11.01 21:12 B F:\Jazz\MyWeb\Reservation\XML\LayoutSalmen.xml --> www.jazzliveaarau.ch /www/Reservation/XML LayoutSalmen.xml
2018.11.02 09:31 B F:\Jazz\MyWeb\Reservation\XML\LayoutSalmen.xml --> www.jazzliveaarau.ch /www/Reservation/XML LayoutSalmen.xml
2018.11.02 12:13 B F:\Jazz\MyWeb\Reservation\XML\LayoutSalmen.xml --> www.jazzliveaarau.ch /www/Reservation/XML LayoutSalmen.xml
2018.11.02 13:08 B F:\Jazz\MyWeb\Reservation\XML\LayoutSalmen.xml --> www.jazzliveaarau.ch /www/Reservation/XML LayoutSalmen.xml
2018.11.02 13:18 B F:\Jazz\MyWeb\Reservation\XML\LayoutSalmen.xml --> www.jazzliveaarau.ch /www/Reservation/XML LayoutSalmen.xml
2018.11.02 13:25 B F:\Jazz\MyWeb\Reservation\XML\LayoutSalmen.xml --> www.jazzliveaarau.ch /www/Reservation/XML LayoutSalmen.xml
2018.11.02 13:27 B F:\Jazz\MyWeb\Reservation\XML\LayoutSalmen.xml --> www.jazzliveaarau.ch /www/Reservation/XML LayoutSalmen.xml
2018.11.02 13:29 B F:\Jazz\MyWeb\Reservation\XML\LayoutSalmen.xml --> www.jazzliveaarau.ch /www/Reservation/XML LayoutSalmen.xml
2018.11.02 13:32 B F:\Jazz\MyWeb\Reservation\XML\LayoutSalmen.xml --> www.jazzliveaarau.ch /www/Reservation/XML LayoutSalmen.xml
2018.11.02 13:37 B F:\Jazz\MyWeb\Reservation\XML\LayoutSalmen.xml --> www.jazzliveaarau.ch /www/Reservation/XML LayoutSalmen.xml
2018.11.02 14:24 B F:\Jazz\MyWeb\Reservation\XML\LayoutSalmen.xml --> www.jazzliveaarau.ch /www/Reservation/XML LayoutSalmen.xml
2018.11.02 14:38 B F:\Jazz\MyWeb\Reservation\XML\LayoutSalmen.xml --> www.jazzliveaarau.ch /www/Reservation/XML LayoutSalmen.xml
2018.11.02 15:20 B F:\Jazz\MyWeb\Reservation\XML\LayoutSalmen.xml --> www.jazzliveaarau.ch /www/Reservation/XML LayoutSalmen.xml
2018.11.03 07:03 B F:\Jazz\MyWeb\Reservation\XML\LayoutSalmen.xml --> www.jazzliveaarau.ch /www/Reservation/XML LayoutSalmen.xml
2018.11.03 07:46 B F:\Jazz\MyWeb\Reservation\XML\LayoutSalmen.xml --> www.jazzliveaarau.ch /www/Reservation/XML LayoutSalmen.xml
2018.11.05 15:46 B F:\Jazz\MyWeb\Reservation\XML\ReservationSalmen_04.xml --> www.jazzliveaarau.ch /www/Reservation/XML ReservationSalmen_04.xml
2018.11.05 16:55 B F:\Jazz\MyWeb\Reservation\XML\ReservationSalmen_04.xml --> www.jazzliveaarau.ch /www/Reservation/XML ReservationSalmen_04.xml
2018.11.06 03:48 B F:\Jazz\MyWeb\Reservation\XML\ReservationSalmen_04.xml --> www.jazzliveaarau.ch /www/Reservation/XML ReservationSalmen_04.xml
2018.11.06 04:02 B F:\Jazz\MyWeb\Reservation\XML\LayoutSalmen.xml --> www.jazzliveaarau.ch /www/Reservation/XML LayoutSalmen.xml
2018.11.06 04:25 B F:\Jazz\MyWeb\Reservation\XML\LayoutSalmen.xml --> www.jazzliveaarau.ch /www/Reservation/XML LayoutSalmen.xml
2018.11.06 04:33 B F:\Jazz\MyWeb\Reservation\XML\ReservationSalmen_04.xml --> www.jazzliveaarau.ch /www/Reservation/XML ReservationSalmen_04.xml
2018.11.06 09:40 B F:\Jazz\MyWeb\Reservation\XML\ReservationSalmen_04.xml --> www.jazzliveaarau.ch /www/Reservation/XML ReservationSalmen_04.xml
2018.11.06 15:17 B F:\Jazz\MyWeb\Reservation\XML\ReservationSalmen_04.xml --> www.jazzliveaarau.ch /www/Reservation/XML ReservationSalmen_04.xml
2018.11.06 20:42 B F:\Jazz\MyWeb\Reservation\XML\ReservationSalmen_04.xml --> www.jazzliveaarau.ch /www/Reservation/XML ReservationSalmen_04.xml
2018.11.09 19:50 B F:\Jazz\MyWeb\Reservation\XML\LayoutSalmen.xml --> www.jazzliveaarau.ch /www/Reservation/XML LayoutSalmen.xml
2018.11.09 19:50 B F:\Jazz\MyWeb\Reservation\XML\ReservationSalmen_04.xml --> www.jazzliveaarau.ch /www/Reservation/XML ReservationSalmen_04.xml
2018.11.18 13:11 B F:\Jazz\MyWeb\ReservationDevelopment\XML\LayoutSalmen.xml --> www.jazzliveaarau.ch /www/ReservationDevelopment/XML LayoutSalmen.xml
2018.11.18 13:11 B F:\Jazz\MyWeb\ReservationDevelopment\XML\ReservationSalmen_04.xml --> www.jazzliveaarau.ch /www/ReservationDevelopment/XML ReservationSalmen_04.xml
2018.11.18 13:11 B F:\Jazz\MyWeb\ReservationDevelopment\XML\WS_FTP.LOG --> www.jazzliveaarau.ch /www/ReservationDevelopment/XML WS_FTP.LOG
2018.11.20 07:41 B F:\Jazz\MyWeb\ReservationDevelopment\XML\LayoutSalmen.xml --> www.jazzliveaarau.ch /www/ReservationDevelopment/XML LayoutSalmen.xml
2018.11.20 07:43 B F:\Jazz\MyWeb\ReservationDevelopment\XML\LayoutSalmen.xml --> www.jazzliveaarau.ch /www/ReservationDevelopment/XML LayoutSalmen.xml
2018.11.20 07:45 B F:\Jazz\MyWeb\ReservationDevelopment\XML\LayoutSalmen.xml --> www.jazzliveaarau.ch /www/ReservationDevelopment/XML LayoutSalmen.xml
2018.11.20 08:49 B F:\Jazz\MyWeb\ReservationDevelopment\XML\LayoutSalmen.xml --> www.jazzliveaarau.ch /www/ReservationDevelopment/XML LayoutSalmen.xml
2018.11.20 08:54 B F:\Jazz\MyWeb\ReservationDevelopment\XML\LayoutSalmen.xml --> www.jazzliveaarau.ch /www/ReservationDevelopment/XML LayoutSalmen.xml
2018.11.20 10:46 B F:\Jazz\MyWeb\ReservationDevelopment\XML\LayoutSalmen.xml --> www.jazzliveaarau.ch /www/ReservationDevelopment/XML LayoutSalmen.xml
2018.11.20 10:47 B F:\Jazz\MyWeb\ReservationDevelopment\XML\LayoutSalmen.xml --> www.jazzliveaarau.ch /www/ReservationDevelopment/XML LayoutSalmen.xml
2018.11.20 10:49 B F:\Jazz\MyWeb\ReservationDevelopment\XML\LayoutSalmen.xml --> www.jazzliveaarau.ch /www/ReservationDevelopment/XML LayoutSalmen.xml
2018.11.20 10:50 B F:\Jazz\MyWeb\ReservationDevelopment\XML\LayoutSalmen.xml --> www.jazzliveaarau.ch /www/ReservationDevelopment/XML LayoutSalmen.xml
2018.11.20 10:51 B F:\Jazz\MyWeb\ReservationDevelopment\XML\LayoutSalmen.xml --> www.jazzliveaarau.ch /www/ReservationDevelopment/XML LayoutSalmen.xml
2018.11.20 10:52 B F:\Jazz\MyWeb\ReservationDevelopment\XML\LayoutSalmen.xml --> www.jazzliveaarau.ch /www/ReservationDevelopment/XML LayoutSalmen.xml
2018.11.22 10:12 B F:\Jazz\MyWeb\ReservationDevelopment\XML\ReservationSalmen_04.xml <-- JAZZ live AARAU /www/ReservationDevelopment/XML ReservationSalmen_04.xml
2018.11.22 10:41 B F:\Jazz\MyWeb\ReservationDevelopment\XML\ReservationSalmen_04.xml --> www.jazzliveaarau.ch /www/ReservationDevelopment/XML ReservationSalmen_04.xml
2018.11.22 10:51 B F:\Jazz\MyWeb\ReservationDevelopment\XML\ReservationMuster.xml --> www.jazzliveaarau.ch /www/ReservationDevelopment/XML ReservationMuster.xml
2018.11.22 11:55 B F:\Jazz\MyWeb\ReservationDevelopment\XML\ReservationSalmen_04.xml <-- JAZZ live AARAU /www/ReservationDevelopment/XML ReservationSalmen_04.xml
2018.11.22 11:57 B F:\Jazz\MyWeb\ReservationDevelopment\XML\ReservationSalmen_04.xml --> www.jazzliveaarau.ch /www/ReservationDevelopment/XML ReservationSalmen_04.xml
2018.11.22 12:48 B F:\Jazz\MyWeb\ReservationDevelopment\XML\ReservationMuster.xml --> www.jazzliveaarau.ch /www/ReservationDevelopment/XML ReservationMuster.xml
2018.11.22 12:48 B F:\Jazz\MyWeb\ReservationDevelopment\XML\ReservationSalmen_04.xml --> www.jazzliveaarau.ch /www/ReservationDevelopment/XML ReservationSalmen_04.xml
2018.11.23 22:41 B F:\Jazz\MyWeb\ReservationDevelopment\XML\ReservationSalmen_04.xml --> www.jazzliveaarau.ch /www/ReservationDevelopment/SaisonXML ReservationSalmen_04.xml
2018.11.23 23:11 B F:\Jazz\MyWeb\ReservationDevelopment\XML\Reservation_Salmen_01.xml <-- JAZZ live AARAU /www/ReservationDevelopment/SaisonXML Reservation_Salmen_01.xml
2018.11.23 23:12 B F:\Jazz\MyWeb\ReservationDevelopment\XML\ReservationSalmen_04.xml <-- JAZZ live AARAU /www/ReservationDevelopment/XML ReservationSalmen_04.xml
2018.11.23 23:12 B F:\Jazz\MyWeb\ReservationDevelopment\XML\Reservation_Salmen_01.xml --> www.jazzliveaarau.ch /www/ReservationDevelopment/XML Reservation_Salmen_01.xml
2018.11.24 05:57 B F:\Jazz\MyWeb\ReservationDevelopment\XML\ReservationSalmen_04.xml --> www.jazzliveaarau.ch /www/ReservationDevelopment/XML ReservationSalmen_04.xml
2018.11.24 17:22 B F:\Jazz\MyWeb\ReservationDevelopment\XML\LayoutSalmen.xml --> www.jazzliveaarau.ch /www/ReservationDevelopment/XML LayoutSalmen.xml
2018.11.24 17:29 B F:\Jazz\MyWeb\ReservationDevelopment\XML\LayoutSalmen.xml --> www.jazzliveaarau.ch /www/ReservationDevelopment/XML LayoutSalmen.xml
2018.11.24 17:32 B F:\Jazz\MyWeb\ReservationDevelopment\XML\LayoutSalmen.xml --> www.jazzliveaarau.ch /www/ReservationDevelopment/XML LayoutSalmen.xml
2018.11.24 17:41 B F:\Jazz\MyWeb\ReservationDevelopment\XML\LayoutSalmen.xml --> www.jazzliveaarau.ch /www/ReservationDevelopment/XML LayoutSalmen.xml
2018.11.24 17:57 B F:\Jazz\MyWeb\ReservationDevelopment\XML\LayoutSalmen.xml --> www.jazzliveaarau.ch /www/ReservationDevelopment/XML LayoutSalmen.xml
2018.11.24 17:59 B F:\Jazz\MyWeb\ReservationDevelopment\XML\LayoutSalmen.xml --> www.jazzliveaarau.ch /www/ReservationDevelopment/XML LayoutSalmen.xml
2018.11.24 18:01 B F:\Jazz\MyWeb\ReservationDevelopment\XML\LayoutSalmen.xml --> www.jazzliveaarau.ch /www/ReservationDevelopment/XML LayoutSalmen.xml
2018.11.24 18:09 B F:\Jazz\MyWeb\ReservationDevelopment\XML\LayoutSalmen.xml --> www.jazzliveaarau.ch /www/ReservationDevelopment/XML LayoutSalmen.xml
2018.11.24 18:15 B F:\Jazz\MyWeb\ReservationDevelopment\XML\LayoutSalmen.xml --> www.jazzliveaarau.ch /www/ReservationDevelopment/XML LayoutSalmen.xml
2018.11.24 18:20 B F:\Jazz\MyWeb\ReservationDevelopment\XML\LayoutSalmen.xml --> www.jazzliveaarau.ch /www/ReservationDevelopment/XML LayoutSalmen.xml
2018.11.24 18:27 B F:\Jazz\MyWeb\ReservationDevelopment\XML\LayoutSalmen.xml --> www.jazzliveaarau.ch /www/ReservationDevelopment/XML LayoutSalmen.xml
2018.11.24 18:32 B F:\Jazz\MyWeb\ReservationDevelopment\XML\LayoutSalmen.xml --> www.jazzliveaarau.ch /www/ReservationDevelopment/XML LayoutSalmen.xml
2018.11.24 18:35 B F:\Jazz\MyWeb\ReservationDevelopment\XML\LayoutSalmen.xml --> www.jazzliveaarau.ch /www/ReservationDevelopment/XML LayoutSalmen.xml
2018.11.24 20:06 B F:\Jazz\MyWeb\ReservationDevelopment\XML\LayoutSalmen.xml --> www.jazzliveaarau.ch /www/ReservationDevelopment/XML LayoutSalmen.xml
2018.11.24 20:21 B F:\Jazz\MyWeb\ReservationDevelopment\XML\LayoutSalmen.xml --> www.jazzliveaarau.ch /www/ReservationDevelopment/XML LayoutSalmen.xml
2018.11.30 15:48 B F:\Jazz\MyWeb\ReservationDevelopment\XML\LayoutSalmen.xml --> www.jazzliveaarau.ch /www/ReservationDevelopment/XML LayoutSalmen.xml
2018.11.30 18:32 B F:\Jazz\MyWeb\ReservationDevelopment\XML\LayoutSalmen.xml --> www.jazzliveaarau.ch /www/ReservationDevelopment/XML LayoutSalmen.xml
2018.11.30 18:36 B F:\Jazz\MyWeb\ReservationDevelopment\XML\LayoutSalmen.xml --> www.jazzliveaarau.ch /www/ReservationDevelopment/XML LayoutSalmen.xml
2018.11.30 18:40 B F:\Jazz\MyWeb\ReservationDevelopment\XML\LayoutSalmen.xml --> www.jazzliveaarau.ch /www/ReservationDevelopment/XML LayoutSalmen.xml
2018.11.30 18:47 B F:\Jazz\MyWeb\ReservationDevelopment\XML\LayoutSalmen.xml --> www.jazzliveaarau.ch /www/ReservationDevelopment/XML LayoutSalmen.xml
2018.11.30 18:50 B F:\Jazz\MyWeb\ReservationDevelopment\XML\LayoutSalmen.xml --> www.jazzliveaarau.ch /www/ReservationDevelopment/XML LayoutSalmen.xml
2018.11.30 18:52 B F:\Jazz\MyWeb\ReservationDevelopment\XML\LayoutSalmen.xml --> www.jazzliveaarau.ch /www/ReservationDevelopment/XML LayoutSalmen.xml
2018.11.30 18:54 B F:\Jazz\MyWeb\ReservationDevelopment\XML\LayoutSalmen.xml --> www.jazzliveaarau.ch /www/ReservationDevelopment/XML LayoutSalmen.xml
2018.11.30 18:56 B F:\Jazz\MyWeb\ReservationDevelopment\XML\LayoutSalmen.xml --> www.jazzliveaarau.ch /www/ReservationDevelopment/XML LayoutSalmen.xml
2018.11.30 19:01 B F:\Jazz\MyWeb\ReservationDevelopment\XML\LayoutSalmen.xml --> www.jazzliveaarau.ch /www/ReservationDevelopment/XML LayoutSalmen.xml
2018.11.30 19:02 B F:\Jazz\MyWeb\ReservationDevelopment\XML\LayoutSalmen.xml --> www.jazzliveaarau.ch /www/ReservationDevelopment/XML LayoutSalmen.xml
2018.11.30 22:09 B F:\Jazz\MyWeb\ReservationDevelopment\XML\LayoutSalmen.xml --> www.jazzliveaarau.ch /www/Administration/Reservation LayoutSalmen.xml
2018.11.30 22:29 B F:\Jazz\MyWeb\ReservationDevelopment\XML\LayoutSalmen.xml --> www.jazzliveaarau.ch /www/Reservation/XML LayoutSalmen.xml
2018.11.30 22:29 B F:\Jazz\MyWeb\ReservationDevelopment\XML\ReservationMuster.xml --> www.jazzliveaarau.ch /www/Reservation/XML ReservationMuster.xml
2018.11.30 22:29 B F:\Jazz\MyWeb\ReservationDevelopment\XML\WS_FTP.LOG --> www.jazzliveaarau.ch /www/Reservation/XML WS_FTP.LOG
2018.12.02 07:06 B F:\Jazz\MyWeb\ReservationDevelopment\XML\LayoutSalmen.xml --> www.jazzliveaarau.ch /www/ReservationDevelopment/XML LayoutSalmen.xml
2018.12.02 07:10 B F:\Jazz\MyWeb\ReservationDevelopment\XML\LayoutSalmen.xml --> www.jazzliveaarau.ch /www/ReservationDevelopment/XML LayoutSalmen.xml
2018.12.02 07:12 B F:\Jazz\MyWeb\ReservationDevelopment\XML\LayoutSalmen.xml --> www.jazzliveaarau.ch /www/ReservationDevelopment/XML LayoutSalmen.xml
2018.12.02 07:28 B F:\Jazz\MyWeb\ReservationDevelopment\XML\LayoutSalmen.xml --> www.jazzliveaarau.ch /www/Reservation/XML LayoutSalmen.xml
2018.12.10 17:17 B F:\Jazz\MyWeb\ReservationDevelopment\XML\LayoutSalmen.xml --> www.jazzliveaarau.ch /www/Reservation/XML LayoutSalmen.xml
2018.12.10 17:17 B F:\Jazz\MyWeb\ReservationDevelopment\XML\ReservationMuster.xml --> www.jazzliveaarau.ch /www/Reservation/XML ReservationMuster.xml
2018.12.10 17:17 B F:\Jazz\MyWeb\ReservationDevelopment\XML\WS_FTP.LOG --> www.jazzliveaarau.ch /www/Reservation/XML WS_FTP.LOG
2018.12.15 10:22 B F:\Jazz\MyWeb\ReservationDevelopment\XML\LayoutSalmen.xml --> www.jazzliveaarau.ch /www/ReservationDevelopment/XML LayoutSalmen.xml
2018.12.21 22:02 B F:\Jazz\MyWeb\ReservationDevelopment\XML\LayoutSalmen.xml --> www.jazzliveaarau.ch /www/ReservationDevelopment/XML LayoutSalmen.xml
2018.12.21 22:06 B F:\Jazz\MyWeb\ReservationDevelopment\XML\LayoutSalmen.xml --> www.jazzliveaarau.ch /www/ReservationDevelopment/XML LayoutSalmen.xml
2018.12.21 22:49 B F:\Jazz\MyWeb\ReservationDevelopment\XML\LayoutSalmen.xml --> www.jazzliveaarau.ch /www/ReservationDevelopment/XML LayoutSalmen.xml
2018.12.21 22:59 B F:\Jazz\MyWeb\ReservationDevelopment\XML\LayoutSalmen.xml --> www.jazzliveaarau.ch /www/ReservationDevelopment/XML LayoutSalmen.xml
2018.12.21 23:28 B F:\Jazz\MyWeb\ReservationDevelopment\XML\LayoutSalmen.xml --> www.jazzliveaarau.ch /www/ReservationDevelopment/XML LayoutSalmen.xml
2018.12.22 05:58 B F:\Jazz\MyWeb\ReservationDevelopment\XML\LayoutSalmen.xml --> www.jazzliveaarau.ch /www/ReservationDevelopment/XML LayoutSalmen.xml
2018.12.22 06:16 B F:\Jazz\MyWeb\ReservationDevelopment\XML\LayoutSalmen.xml --> www.jazzliveaarau.ch /www/ReservationDevelopment/XML LayoutSalmen.xml
2018.12.22 11:16 B F:\Jazz\MyWeb\ReservationDevelopment\XML\LayoutSalmen.xml --> www.jazzliveaarau.ch /www/ReservationDevelopment/XML LayoutSalmen.xml
2018.12.22 11:49 B F:\Jazz\MyWeb\ReservationDevelopment\XML\LayoutSalmen.xml --> www.jazzliveaarau.ch /www/ReservationDevelopment/XML LayoutSalmen.xml
2018.12.22 12:23 B F:\Jazz\MyWeb\ReservationDevelopment\XML\LayoutSalmen.xml --> www.jazzliveaarau.ch /www/ReservationDevelopment/XML LayoutSalmen.xml
2018.12.22 12:29 B F:\Jazz\MyWeb\ReservationDevelopment\XML\LayoutSalmen.xml --> www.jazzliveaarau.ch /www/ReservationDevelopment/XML LayoutSalmen.xml
2018.12.22 12:38 B F:\Jazz\MyWeb\ReservationDevelopment\XML\LayoutSalmen.xml --> www.jazzliveaarau.ch /www/ReservationDevelopment/XML LayoutSalmen.xml
2018.12.22 12:40 B F:\Jazz\MyWeb\ReservationDevelopment\XML\LayoutSalmen.xml --> www.jazzliveaarau.ch /www/ReservationDevelopment/XML LayoutSalmen.xml
2018.12.22 14:40 B F:\Jazz\MyWeb\ReservationDevelopment\XML\LayoutSalmen.xml --> www.jazzliveaarau.ch /www/ReservationDevelopment/XML LayoutSalmen.xml
2018.12.22 14:45 B F:\Jazz\MyWeb\ReservationDevelopment\XML\LayoutSalmen.xml --> www.jazzliveaarau.ch /www/ReservationDevelopment/XML LayoutSalmen.xml
2018.12.22 14:49 B F:\Jazz\MyWeb\ReservationDevelopment\XML\LayoutSalmen.xml --> www.jazzliveaarau.ch /www/ReservationDevelopment/XML LayoutSalmen.xml
2018.12.25 19:13 B F:\Jazz\MyWeb\Reservation\XML\LayoutSalmen.xml --> www.jazzliveaarau.ch /www/Reservation/XML LayoutSalmen.xml
2018.12.25 19:13 B F:\Jazz\MyWeb\Reservation\XML\ReservationMuster.xml --> www.jazzliveaarau.ch /www/Reservation/XML ReservationMuster.xml
2018.12.25 19:13 B F:\Jazz\MyWeb\Reservation\XML\WS_FTP.LOG --> www.jazzliveaarau.ch /www/Reservation/XML WS_FTP.LOG
2018.12.26 15:40 B F:\Jazz\MyWeb\Reservation\XML\LayoutSalmen.xml --> www.jazzliveaarau.ch /www/Reservation/XML LayoutSalmen.xml
2020.08.02 14:39 B H:\Jazz\MyWeb\Reservation\XML\LayoutSalmen.xml --> www.jazzliveaarau.ch /www/Reservation/XML LayoutSalmen.xml
2020.08.02 14:39 B H:\Jazz\MyWeb\Reservation\XML\LayoutSalmen_90_seats.xml --> www.jazzliveaarau.ch /www/Reservation/XML LayoutSalmen_90_seats.xml
2020.10.14 13:08 B H:\Jazz\MyWeb\Reservation\XML\LayoutSalmen.xml --> www.viewsoncad.ch /www/velojo_jazz.ch/Reservation/XML LayoutSalmen.xml
2020.10.14 13:08 B H:\Jazz\MyWeb\Reservation\XML\LayoutSalmen_90_seats.xml --> www.viewsoncad.ch /www/velojo_jazz.ch/Reservation/XML LayoutSalmen_90_seats.xml
2020.10.14 13:08 B H:\Jazz\MyWeb\Reservation\XML\ReservationMuster.xml --> www.viewsoncad.ch /www/velojo_jazz.ch/Reservation/XML ReservationMuster.xml
2020.10.14 13:08 B H:\Jazz\MyWeb\Reservation\XML\WS_FTP.LOG --> www.viewsoncad.ch /www/velojo_jazz.ch/Reservation/XML WS_FTP.LOG
2021.09.17 07:36 B G:\Jazz\WwwReservation\XML\LayoutSalmen.xml <-- JAZZ live AARAU /www/Reservation/XML LayoutSalmen.xml
